md5CryptOpenCL.obj : error LNK2019: unresolved external symbol _clGetPlatformIDs@12 referenced in function "int __cdecl runMD5(void)" (?runMD5@@YAHXZ)
md5CryptOpenCL.obj : error LNK2019: unresolved external symbol _clGetDeviceIDs@24 referenced in function "int __cdecl runMD5(void)" (?runMD5@@YAHXZ)
md5CryptOpenCL.obj : error LNK2019: unresolved external symbol _clCreateContext@24 referenced in function "int __cdecl runMD5(void)" (?runMD5@@YAHXZ)
md5CryptOpenCL.obj : error LNK2019: unresolved external symbol _clReleaseContext@4 referenced in function "int __cdecl runMD5(void)" (?runMD5@@YAHXZ)
md5CryptOpenCL.obj : error LNK2019: unresolved external symbol _clCreateCommandQueue@20 referenced in function "int __cdecl runMD5(void)" (?runMD5@@YAHXZ)
md5CryptOpenCL.obj : error LNK2019: unresolved external symbol _clReleaseCommandQueue@4 referenced in function "int __cdecl runMD5(void)" (?runMD5@@YAHXZ)
md5CryptOpenCL.obj : error LNK2019: unresolved external symbol _clCreateBuffer@24 referenced in function "int __cdecl runMD5(void)" (?runMD5@@YAHXZ)
md5CryptOpenCL.obj : error LNK2019: unresolved external symbol _clReleaseMemObject@4 referenced in function "int __cdecl runMD5(void)" (?runMD5@@YAHXZ)
md5CryptOpenCL.obj : error LNK2019: unresolved external symbol _clCreateProgramWithSource@20 referenced in function "int __cdecl runMD5(void)" (?runMD5@@YAHXZ)
md5CryptOpenCL.obj : error LNK2019: unresolved external symbol _clReleaseProgram@4 referenced in function "int __cdecl runMD5(void)" (?runMD5@@YAHXZ)
md5CryptOpenCL.obj : error LNK2019: unresolved external symbol _clBuildProgram@24 referenced in function "int __cdecl runMD5(void)" (?runMD5@@YAHXZ)
md5CryptOpenCL.obj : error LNK2019: unresolved external symbol _clCreateKernel@12 referenced in function "int __cdecl runMD5(void)" (?runMD5@@YAHXZ)
md5CryptOpenCL.obj : error LNK2019: unresolved external symbol _clReleaseKernel@4 referenced in function "int __cdecl runMD5(void)" (?runMD5@@YAHXZ)
md5CryptOpenCL.obj : error LNK2019: unresolved external symbol _clSetKernelArg@16 referenced in function "int __cdecl runMD5(void)" (?runMD5@@YAHXZ)
md5CryptOpenCL.obj : error LNK2019: unresolved external symbol _clFlush@4 referenced in function "int __cdecl runMD5(void)" (?runMD5@@YAHXZ)
md5CryptOpenCL.obj : error LNK2019: unresolved external symbol _clFinish@4 referenced in function "int __cdecl runMD5(void)" (?runMD5@@YAHXZ)
md5CryptOpenCL.obj : error LNK2019: unresolved external symbol _clEnqueueReadBuffer@36 referenced in function "int __cdecl runMD5(void)" (?runMD5@@YAHXZ)
md5CryptOpenCL.obj : error LNK2019: unresolved external symbol _clEnqueueWriteBuffer@36 referenced in function "int __cdecl runMD5(void)" (?runMD5@@YAHXZ)
md5CryptOpenCL.obj : error LNK2019: unresolved external symbol _clEnqueueNDRangeKernel@36 referenced in function "int __cdecl runMD5(void)" (?runMD5@@YAHXZ)
C:\Program Files\NVIDIA GPU Computing Toolkit\CUDA\v9.0\lib\x64\OpenCL.lib : warning LNK4272: library machine type 'x64' conflicts with target machine type 'X86'
D:\Documents\Fall2017\CIS750\md5CryptOpenCL\Debug\md5CryptOpenCL.exe : fatal error LNK1120: 19 unresolved externals
